<beans xmlns="http://www.springframework.org/schema/beans"
       xmlns:xsi="http://www.w3.org/2001/XMLSchema-instance"
       xsi:schemaLocation="
        http://www.springframework.org/schema/beans
        http://www.springframework.org/schema/beans/spring-beans.xsd">

    <bean id="followerDao" class="cc.vlasenko.mail.subscribe.FollowerDao">
        <property name="usersDirPath" value="build/"/>
    </bean>
    <bean id="gmailClient" class="cc.vlasenko.mail.GmailClient">
        <property name="secretFilePath" value="gmail_config.json"/>
    </bean>
    <bean name="followerUtil" class="cc.vlasenko.mail.subscribe.FollowerUtil"/>
    <bean id="emailSubscribeSender" class="cc.vlasenko.mail.subscribe.EmailSubscribeSender"/>
</beans>